[probe] ActiveArea: 'aeo9_v0.38'
[probe] building branch index ...
[probe] indexed 4157 branches (under ActiveRegion='Vietnam')

[Transformation\Centralized Electricity Generation\Processes]  793 descendant branches
  Bioenergy with CCS
  Bioenergy with CCS\Auxiliary Fuels
  Bioenergy with CCS\Feedstock Fuels
  Bioenergy with CCS\Feedstock Fuels\Biomass
  Bioenergy with CCS\Feedstock Fuels\Biomass\Ammonia
  Bioenergy with CCS\Feedstock Fuels\Biomass\Black Carbon
  Bioenergy with CCS\Feedstock Fuels\Biomass\Carbon Dioxide Biogenic
  Bioenergy with CCS\Feedstock Fuels\Biomass\Carbon Monoxide
  Bioenergy with CCS\Feedstock Fuels\Biomass\Methane
  Bioenergy with CCS\Feedstock Fuels\Biomass\Nitrogen Oxides
  Bioenergy with CCS\Feedstock Fuels\Biomass\Nitrous Oxide
  Bioenergy with CCS\Feedstock Fuels\Biomass\Non Methane Volatile Organic Compounds
  Bioenergy with CCS\Feedstock Fuels\Biomass\Organic Carbon
  Bioenergy with CCS\Feedstock Fuels\Biomass\Particulates PM10
  Bioenergy with CCS\Feedstock Fuels\Biomass\Particulates PM2pt5
  Bioenergy with CCS\Feedstock Fuels\Biomass\Sequestered Carbon Dioxide
  Bioenergy with CCS\Feedstock Fuels\Biomass\Sulfur Dioxide
  Bioenergy with CCS\Transmission Nodes
  Bioenergy with CCS\Transmission Nodes\Vietnam
  Biogas
  Biogas\Auxiliary Fuels
  Biogas\Feedstock Fuels
  Biogas\Feedstock Fuels\Biomethane
  Biogas\Feedstock Fuels\Biomethane\Ammonia
  Biogas\Feedstock Fuels\Biomethane\Black Carbon
  Biogas\Feedstock Fuels\Biomethane\Carbon Dioxide
  Biogas\Feedstock Fuels\Biomethane\Carbon Dioxide Biogenic
  Biogas\Feedstock Fuels\Biomethane\Carbon Monoxide
  Biogas\Feedstock Fuels\Biomethane\Methane
  Biogas\Feedstock Fuels\Biomethane\Nitrogen Oxides
  Biogas\Feedstock Fuels\Biomethane\Nitrous Oxide
  Biogas\Feedstock Fuels\Biomethane\Non Methane Volatile Organic Compounds
  Biogas\Feedstock Fuels\Biomethane\Organic Carbon
  Biogas\Feedstock Fuels\Biomethane\Particulates PM10
  Biogas\Feedstock Fuels\Biomethane\Particulates PM2pt5
  Biogas\Feedstock Fuels\Biomethane\Sulfur Dioxide
  Biogas\Transmission Nodes
  Biogas\Transmission Nodes\Vietnam
  Biomass Gasification
  Biomass Gasification\Auxiliary Fuels
  ... +753 more

[Transformation\Distributed Electricity Generation\Processes]  4 descendant branches
  Solar PV Rooftop
  Solar PV Rooftop\Auxiliary Fuels
  Solar PV Rooftop\Feedstock Fuels
  Solar PV Rooftop\Feedstock Fuels\Solar

[probe] full tree saved -> d:\Users\YudiandraYuwono\Documents\GitHub\nemo_read\mailbox\20260505\_v038_power_tree_actual.txt

[probe] diff: 18 expected, 18 found, 0 missing (0 with suggestion)
[probe] diff saved -> d:\Users\YudiandraYuwono\Documents\GitHub\nemo_read\mailbox\20260505\_v038_power_tree_diff.csv
